--- [SYSTEM] PACK: 'ext-vim' (*.orig.tar.xz)
File '*.orig.tar.*' not found! Creating...
File 'ext-vim_1.0.0.orig.tar.xz' created!
--- [SYSTEM] BUILD: 'github.com/unixstore/debian-ext-vim.git'
dpkg-source: info: using source format '3.0 (quilt)'
dpkg-source: info: building ext-vim using existing ./ext-vim_1.0.0.orig.tar.xz
dpkg-source: warning: ignoring deletion of file vimrc.local, use --include-removal to override
dpkg-source: info: building ext-vim in ext-vim_1.0.0-1.debian.tar.xz
dpkg-source: info: building ext-vim in ext-vim_1.0.0-1.dsc
File 'ext-vim_1.0.0-1.dsc' found!
Build completed!
--- [SYSTEM] MOVE: '/root/git/src' -> '/root/git/dst'
Removing old files from repository...
removed '/root/git/dst/LICENSE'
removed '/root/git/dst/README.md'
removed '/root/git/dst/_meta'
removed '/root/git/dst/_service'
removed '/root/git/dst/build.log'
removed '/root/git/dst/ext-vim.sha3-256'
removed '/root/git/dst/ext-vim_1.0.0-1.debian.tar.xz'
removed '/root/git/dst/ext-vim_1.0.0-1.dsc'
removed '/root/git/dst/ext-vim_1.0.0.orig.tar.xz'
Moving new files to repository...
renamed '/root/git/src/_service' -> '/root/git/dst/_service'
renamed '/root/git/src/_meta' -> '/root/git/dst/_meta'
renamed '/root/git/src/README.md' -> '/root/git/dst/README.md'
renamed '/root/git/src/LICENSE' -> '/root/git/dst/LICENSE'
renamed '/root/git/src/ext-vim_1.0.0-1.debian.tar.xz' -> '/root/git/dst/ext-vim_1.0.0-1.debian.tar.xz'
renamed '/root/git/src/ext-vim_1.0.0.orig.tar.xz' -> '/root/git/dst/ext-vim_1.0.0.orig.tar.xz'
renamed '/root/git/src/ext-vim_1.0.0-1.dsc' -> '/root/git/dst/ext-vim_1.0.0-1.dsc'
renamed '/root/git/src/build.log' -> '/root/git/dst/build.log'
